[2024-03-16T06:47:05.258+0000] {taskinstance.py:1979} INFO - Dependencies all met for dep_context=non-requeueable deps ti=<TaskInstance: study_case_etl_cloud_storage.local_to_gcs_task manual__2024-03-16T06:46:57.343971+00:00 [queued]>
[2024-03-16T06:47:05.265+0000] {taskinstance.py:1979} INFO - Dependencies all met for dep_context=requeueable deps ti=<TaskInstance: study_case_etl_cloud_storage.local_to_gcs_task manual__2024-03-16T06:46:57.343971+00:00 [queued]>
[2024-03-16T06:47:05.266+0000] {taskinstance.py:2193} INFO - Starting attempt 1 of 2
[2024-03-16T06:47:05.276+0000] {taskinstance.py:2214} INFO - Executing <Task(PythonOperator): local_to_gcs_task> on 2024-03-16 06:46:57.343971+00:00
[2024-03-16T06:47:05.280+0000] {standard_task_runner.py:60} INFO - Started process 392 to run task
[2024-03-16T06:47:05.283+0000] {standard_task_runner.py:87} INFO - Running: ['***', 'tasks', 'run', 'study_case_etl_cloud_storage', 'local_to_gcs_task', 'manual__2024-03-16T06:46:57.343971+00:00', '--job-id', '616', '--raw', '--subdir', 'DAGS_FOLDER/etl_day_bigquery/study_case_etl_cloud_storage.py', '--cfg-path', '/tmp/tmpdjd0gh_3']
[2024-03-16T06:47:05.285+0000] {standard_task_runner.py:88} INFO - Job 616: Subtask local_to_gcs_task
[2024-03-16T06:47:05.318+0000] {task_command.py:423} INFO - Running <TaskInstance: study_case_etl_cloud_storage.local_to_gcs_task manual__2024-03-16T06:46:57.343971+00:00 [running]> on host 5aeb2644b29c
[2024-03-16T06:47:05.387+0000] {taskinstance.py:2510} INFO - Exporting env vars: AIRFLOW_CTX_DAG_OWNER='Agus mahari' AIRFLOW_CTX_DAG_ID='study_case_etl_cloud_storage' AIRFLOW_CTX_TASK_ID='local_to_gcs_task' AIRFLOW_CTX_EXECUTION_DATE='2024-03-16T06:46:57.343971+00:00' AIRFLOW_CTX_TRY_NUMBER='1' AIRFLOW_CTX_DAG_RUN_ID='manual__2024-03-16T06:46:57.343971+00:00'
[2024-03-16T06:47:05.901+0000] {taskinstance.py:2728} ERROR - Task failed with exception
Traceback (most recent call last):
  File "/home/airflow/.local/lib/python3.8/site-packages/google/cloud/storage/blob.py", line 2607, in _prep_and_do_upload
    created_json = self._do_upload(
  File "/home/airflow/.local/lib/python3.8/site-packages/google/cloud/storage/blob.py", line 2413, in _do_upload
    response = self._do_multipart_upload(
  File "/home/airflow/.local/lib/python3.8/site-packages/google/cloud/storage/blob.py", line 1926, in _do_multipart_upload
    response = upload.transmit(
  File "/home/airflow/.local/lib/python3.8/site-packages/google/resumable_media/requests/upload.py", line 153, in transmit
    return _request_helpers.wait_and_retry(
  File "/home/airflow/.local/lib/python3.8/site-packages/google/resumable_media/requests/_request_helpers.py", line 155, in wait_and_retry
    response = func()
  File "/home/airflow/.local/lib/python3.8/site-packages/google/resumable_media/requests/upload.py", line 149, in retriable_request
    self._process_response(result)
  File "/home/airflow/.local/lib/python3.8/site-packages/google/resumable_media/_upload.py", line 125, in _process_response
    _helpers.require_status_code(response, (http.client.OK,), self._get_status_code)
  File "/home/airflow/.local/lib/python3.8/site-packages/google/resumable_media/_helpers.py", line 108, in require_status_code
    raise common.InvalidResponse(
google.resumable_media.common.InvalidResponse: ('Request failed with status code', 403, 'Expected one of', 200)

During handling of the above exception, another exception occurred:

Traceback (most recent call last):
  File "/home/airflow/.local/lib/python3.8/site-packages/airflow/models/taskinstance.py", line 444, in _execute_task
    result = _execute_callable(context=context, **execute_callable_kwargs)
  File "/home/airflow/.local/lib/python3.8/site-packages/airflow/models/taskinstance.py", line 414, in _execute_callable
    return execute_callable(context=context, **execute_callable_kwargs)
  File "/home/airflow/.local/lib/python3.8/site-packages/airflow/operators/python.py", line 200, in execute
    return_value = self.execute_callable()
  File "/home/airflow/.local/lib/python3.8/site-packages/airflow/operators/python.py", line 217, in execute_callable
    return self.python_callable(*self.op_args, **self.op_kwargs)
  File "/opt/airflow/dags/etl_day_bigquery/study_case_etl_cloud_storage.py", line 87, in upload_to_gcs
    blob.upload_from_filename(local_file)
  File "/home/airflow/.local/lib/python3.8/site-packages/google/cloud/storage/blob.py", line 2929, in upload_from_filename
    self._handle_filename_and_upload(
  File "/home/airflow/.local/lib/python3.8/site-packages/google/cloud/storage/blob.py", line 2799, in _handle_filename_and_upload
    self._prep_and_do_upload(
  File "/home/airflow/.local/lib/python3.8/site-packages/google/cloud/storage/blob.py", line 2625, in _prep_and_do_upload
    _raise_from_invalid_response(exc)
  File "/home/airflow/.local/lib/python3.8/site-packages/google/cloud/storage/blob.py", line 4791, in _raise_from_invalid_response
    raise exceptions.from_http_status(response.status_code, message, response=response)
google.api_core.exceptions.Forbidden: 403 POST https://storage.googleapis.com/upload/storage/v1/b/your_bucket_name/o?uploadType=multipart: {
  "error": {
    "code": 403,
    "message": "The billing account for the owning project is disabled in state closed",
    "errors": [
      {
        "message": "The billing account for the owning project is disabled in state closed",
        "domain": "global",
        "reason": "accountDisabled",
        "locationType": "header",
        "location": "Authorization"
      }
    ]
  }
}
: ('Request failed with status code', 403, 'Expected one of', <HTTPStatus.OK: 200>)
[2024-03-16T06:47:05.912+0000] {taskinstance.py:1149} INFO - Marking task as UP_FOR_RETRY. dag_id=study_case_etl_cloud_storage, task_id=local_to_gcs_task, execution_date=20240316T064657, start_date=20240316T064705, end_date=20240316T064705
[2024-03-16T06:47:05.922+0000] {standard_task_runner.py:107} ERROR - Failed to execute job 616 for task local_to_gcs_task (403 POST https://storage.googleapis.com/upload/storage/v1/b/your_bucket_name/o?uploadType=multipart: {
  "error": {
    "code": 403,
    "message": "The billing account for the owning project is disabled in state closed",
    "errors": [
      {
        "message": "The billing account for the owning project is disabled in state closed",
        "domain": "global",
        "reason": "accountDisabled",
        "locationType": "header",
        "location": "Authorization"
      }
    ]
  }
}
: ('Request failed with status code', 403, 'Expected one of', <HTTPStatus.OK: 200>); 392)
[2024-03-16T06:47:05.953+0000] {local_task_job_runner.py:234} INFO - Task exited with return code 1
[2024-03-16T06:47:05.976+0000] {taskinstance.py:3309} INFO - 0 downstream tasks scheduled from follow-on schedule check
